<?xml version="1.0" encoding="UTF-8"?>
<!-- Generated by org.testng.reporters.JUnitReportReporter -->
<testsuite hostname="Abinash" failures="0" tests="1" name="com.inetBanking.TestCases.TC_AddCustomerTest_003" time="15.332" errors="0" timestamp="08 Feb 2023 11:25:53 GMT" skipped="0">
  <testcase classname="com.inetBanking.TestCases.TC_AddCustomerTest_003" name="addNewCustomer" time="15.332"/>
</testsuite> <!-- com.inetBanking.TestCases.TC_AddCustomerTest_003 -->
